<?xml version="1.0" encoding="UTF-8"?>
<!-- Generated by org.testng.reporters.JUnitReportReporter -->
<testsuite hostname="5CD1479410" failures="0" tests="1" name="Jenkins.JenkinsProject.Testclass" time="11.100" errors="0" timestamp="2023-10-11T21:14:03 IST" skipped="0">
  <testcase classname="Jenkins.JenkinsProject.Testclass" name="name" time="11.100"/>
  <system-out/>
</testsuite> <!-- Jenkins.JenkinsProject.Testclass -->
