<?xml version="1.0" encoding="UTF-8"?>
<!-- Generated by org.testng.reporters.JUnitReportReporter -->
<testsuite hostname="5CD1479410" failures="0" tests="1" name="Jenkins.JenkinsProject.Testclass" time="8.421" errors="0" timestamp="2023-10-11T17:25:52 IST" skipped="0">
  <testcase classname="Jenkins.JenkinsProject.Testclass" name="name" time="8.421"/>
  <system-out/>
</testsuite> <!-- Jenkins.JenkinsProject.Testclass -->
